<?xml version="1.0" encoding="UTF-8"?>
<!-- Generated by org.testng.reporters.JUnitReportReporter -->
<testsuite hostname="DESKTOP-8UTBN9F" failures="0" tests="4" name="Sql_test_cases" time="0.410" errors="0" timestamp="2025-02-23T17:50:55 EET" skipped="0">
  <testcase classname="Sql_test_cases" name="add_data_to_my_database" time="0.223"/>
  <system-out/>
  <testcase classname="Sql_test_cases" name="apdate_data" time="0.034"/>
  <system-out/>
  <testcase classname="Sql_test_cases" name="read_data" time="0.135"/>
  <system-out/>
  <testcase classname="Sql_test_cases" name="delete_data" time="0.018"/>
  <system-out/>
</testsuite> <!-- Sql_test_cases -->
